#
# There is insufficient memory for the Java Runtime Environment to continue.
# Native memory allocation (malloc) failed to allocate 245366784 bytes for committing reserved memory.
# Possible reasons:
#   The system is out of physical RAM or swap space
#   In 32 bit mode, the process size limit was hit
# Possible solutions:
#   Reduce memory load on the system
#   Increase physical memory or swap space
#   Check if swap backing store is full
#   Use 64 bit Java on a 64 bit OS
#   Decrease Java heap size (-Xmx/-Xms)
#   Decrease number of Java threads
#   Decrease Java thread stack sizes (-Xss)
#   Set larger code cache with -XX:ReservedCodeCacheSize=
# This output file may be truncated or incomplete.
#
#  Out of Memory Error (os_linux.cpp:2745), pid=458, tid=140489930733312
#
# JRE version: Java(TM) SE Runtime Environment (7.0_71-b14) (build 1.7.0_71-b14)
# Java VM: Java HotSpot(TM) 64-Bit Server VM (24.71-b01 mixed mode linux-amd64 compressed oops)
# Failed to write core dump. Core dumps have been disabled. To enable core dumping, try "ulimit -c unlimited" before starting Java again
#

---------------  T H R E A D  ---------------

Current thread (0x00007fc62c08b000):  JavaThread "pool-3-thread-1" [_thread_in_vm, id=482, stack(0x00007fc65c5a7000,0x00007fc65c6a8000)]

Stack: [0x00007fc65c5a7000,0x00007fc65c6a8000],  sp=0x00007fc65c6a5cc0,  free space=1019k
Native frames: (J=compiled Java code, j=interpreted, Vv=VM code, C=native code)
V  [libjvm.so+0x9a0a1a]  VMError::report_and_die()+0x2ea
V  [libjvm.so+0x4974bb]  report_vm_out_of_memory(char const*, int, unsigned long, char const*)+0x9b
V  [libjvm.so+0x81e4de]  os::Linux::commit_memory_impl(char*, unsigned long, bool)+0xfe
V  [libjvm.so+0x81ea29]  os::pd_commit_memory(char*, unsigned long, unsigned long, bool)+0x29
V  [libjvm.so+0x8187da]  os::commit_memory(char*, unsigned long, unsigned long, bool)+0x2a
V  [libjvm.so+0x88b2e3]  PSVirtualSpace::expand_by(unsigned long)+0x53
V  [libjvm.so+0x87a529]  PSOldGen::expand_by(unsigned long)+0x49
V  [libjvm.so+0x87a795]  PSOldGen::expand(unsigned long)+0x1a5
V  [libjvm.so+0x87aa1a]  PSOldGen::expand_and_allocate(unsigned long)+0x1a
V  [libjvm.so+0x87ab3b]  PSOldGen::allocate(unsigned long)+0xcb
V  [libjvm.so+0x83fab1]  ParallelScavengeHeap::mem_allocate(unsigned long, bool*)+0xf1
V  [libjvm.so+0x96fb5f]  typeArrayKlass::allocate_common(int, bool, Thread*)+0x36f
V  [libjvm.so+0x8aaea9]  OptoRuntime::new_array_nozero_C(klassOopDesc*, int, JavaThread*)+0x29

Java frames: (J=compiled Java code, j=interpreted, Vv=VM code)
v  ~RuntimeStub::_new_array_nozero_Java
J 1044 C2 org.jsoup.nodes.TextNode.outerHtmlHead(Ljava/lang/StringBuilder;ILorg/jsoup/nodes/Document$OutputSettings;)V (135 bytes) @ 0x00007fc6610f83c4 [0x00007fc6610f7fa0+0x424]
J 936 C2 org.jsoup.select.NodeTraversor.traverse(Lorg/jsoup/nodes/Node;)V (99 bytes) @ 0x00007fc661225698 [0x00007fc661225580+0x118]
j  org.jsoup.nodes.Node.outerHtml(Ljava/lang/StringBuilder;)V+20
j  org.jsoup.nodes.Element.html(Ljava/lang/StringBuilder;)V+31
j  org.jsoup.nodes.Element.html()Ljava/lang/String;+10
j  org.jsoup.nodes.Document.outerHtml()Ljava/lang/String;+1
j  org.jsoup.nodes.Element.toString()Ljava/lang/String;+1
j  us.codecraft.webmagic.selector.HtmlNode.getSourceTexts()Ljava/util/List;+42
j  us.codecraft.webmagic.selector.AbstractSelectable.regex(Ljava/lang/String;)Lus/codecraft/webmagic/selector/Selectable;+8
j  kellonge.flightcrawler.process.PriceCtripProcess.process(Lus/codecraft/webmagic/Page;)V+27
j  us.codecraft.webmagic.Spider.processRequest(Lus/codecraft/webmagic/Request;)V+68
j  us.codecraft.webmagic.Spider$1.run()V+8
j  us.codecraft.webmagic.thread.CountableThreadPool$1.run()V+4
j  java.util.concurrent.ThreadPoolExecutor.runWorker(Ljava/util/concurrent/ThreadPoolExecutor$Worker;)V+95
j  java.util.concurrent.ThreadPoolExecutor$Worker.run()V+5
j  java.lang.Thread.run()V+11
v  ~StubRoutines::call_stub

---------------  P R O C E S S  ---------------

Java Threads: ( => current thread )
  0x00007fc634009000 JavaThread "pool-4-thread-1" [_thread_blocked, id=503, stack(0x00007fc65cd1d000,0x00007fc65ce1e000)]
  0x00007fc62c0a7800 JavaThread "pool-3-thread-20" [_thread_blocked, id=501, stack(0x00007fc6271f2000,0x00007fc6272f3000)]
  0x00007fc62c0a5800 JavaThread "pool-3-thread-19" [_thread_blocked, id=500, stack(0x00007fc6272f3000,0x00007fc6273f4000)]
  0x00007fc62c0a3800 JavaThread "pool-3-thread-18" [_thread_blocked, id=499, stack(0x00007fc6273f4000,0x00007fc6274f5000)]
  0x00007fc62c0a1800 JavaThread "pool-3-thread-17" [_thread_blocked, id=498, stack(0x00007fc6274f5000,0x00007fc6275f6000)]
  0x00007fc62c09f000 JavaThread "pool-3-thread-16" [_thread_in_native, id=497, stack(0x00007fc6275f6000,0x00007fc6276f7000)]
  0x00007fc62c09d000 JavaThread "pool-3-thread-15" [_thread_in_native, id=496, stack(0x00007fc6276f7000,0x00007fc6277f8000)]
  0x00007fc62c09b000 JavaThread "pool-3-thread-14" [_thread_blocked, id=495, stack(0x00007fc6277f8000,0x00007fc6278f9000)]
  0x00007fc62c099000 JavaThread "pool-3-thread-13" [_thread_blocked, id=494, stack(0x00007fc6278f9000,0x00007fc6279fa000)]
  0x00007fc62c097000 JavaThread "pool-3-thread-12" [_thread_blocked, id=493, stack(0x00007fc6279fa000,0x00007fc627afb000)]
  0x00007fc62c095000 JavaThread "pool-3-thread-11" [_thread_in_native, id=492, stack(0x00007fc627afb000,0x00007fc627bfc000)]
  0x00007fc62c093000 JavaThread "pool-3-thread-10" [_thread_blocked, id=491, stack(0x00007fc627bfc000,0x00007fc627cfd000)]
  0x00007fc62c090800 JavaThread "pool-3-thread-9" [_thread_blocked, id=490, stack(0x00007fc627cfd000,0x00007fc627dfe000)]
  0x00007fc62c08e800 JavaThread "pool-3-thread-8" [_thread_blocked, id=489, stack(0x00007fc627dfe000,0x00007fc627eff000)]
  0x00007fc62c08c800 JavaThread "pool-3-thread-7" [_thread_blocked, id=488, stack(0x00007fc627eff000,0x00007fc628000000)]
  0x00007fc62c089000 JavaThread "pool-3-thread-6" [_thread_blocked, id=487, stack(0x00007fc65c0a2000,0x00007fc65c1a3000)]
  0x00007fc62c087800 JavaThread "pool-3-thread-5" [_thread_blocked, id=486, stack(0x00007fc65c1a3000,0x00007fc65c2a4000)]
  0x00007fc62c086000 JavaThread "pool-3-thread-4" [_thread_blocked, id=485, stack(0x00007fc65c2a4000,0x00007fc65c3a5000)]
  0x00007fc62c084800 JavaThread "pool-3-thread-3" [_thread_in_native, id=484, stack(0x00007fc65c3a5000,0x00007fc65c4a6000)]
  0x00007fc62c083800 JavaThread "pool-3-thread-2" [_thread_blocked, id=483, stack(0x00007fc65c4a6000,0x00007fc65c5a7000)]
=>0x00007fc62c08b000 JavaThread "pool-3-thread-1" [_thread_in_vm, id=482, stack(0x00007fc65c5a7000,0x00007fc65c6a8000)]
  0x00007fc66400b000 JavaThread "DestroyJavaVM" [_thread_blocked, id=463, stack(0x00007fc66ce47000,0x00007fc66cf48000)]
  0x00007fc66427a800 JavaThread "Thread-3" [_thread_blocked, id=481, stack(0x00007fc65cb1b000,0x00007fc65cc1c000)]
  0x00007fc664279000 JavaThread "pool-2-thread-1" [_thread_blocked, id=480, stack(0x00007fc65cc1c000,0x00007fc65cd1d000)]
  0x00007fc664582000 JavaThread "Timer-1" daemon [_thread_blocked, id=478, stack(0x00007fc65d473000,0x00007fc65d574000)]
  0x00007fc6645d4800 JavaThread "pool-1-thread-1" [_thread_blocked, id=477, stack(0x00007fc65d574000,0x00007fc65d675000)]
  0x00007fc66456f000 JavaThread "Abandoned connection cleanup thread" daemon [_thread_blocked, id=476, stack(0x00007fc65d684000,0x00007fc65d785000)]
  0x00007fc6642a0800 JavaThread "Timer-0" [_thread_blocked, id=475, stack(0x00007fc65d789000,0x00007fc65d88a000)]
  0x00007fc664095000 JavaThread "Service Thread" daemon [_thread_blocked, id=473, stack(0x00007fc65deed000,0x00007fc65dfee000)]
  0x00007fc664092800 JavaThread "C2 CompilerThread1" daemon [_thread_blocked, id=472, stack(0x00007fc65dfee000,0x00007fc65e0ef000)]
  0x00007fc66408f800 JavaThread "C2 CompilerThread0" daemon [_thread_blocked, id=471, stack(0x00007fc65e0ef000,0x00007fc65e1f0000)]
  0x00007fc66408d800 JavaThread "Signal Dispatcher" daemon [_thread_blocked, id=470, stack(0x00007fc66801c000,0x00007fc66811d000)]
  0x00007fc66406c800 JavaThread "Finalizer" daemon [_thread_blocked, id=468, stack(0x00007fc6687ff000,0x00007fc668900000)]
  0x00007fc66406a800 JavaThread "Reference Handler" daemon [_thread_blocked, id=467, stack(0x00007fc668900000,0x00007fc668a01000)]

Other Threads:
  0x00007fc664066000 VMThread [stack: 0x00007fc668a01000,0x00007fc668b02000] [id=466]
  0x00007fc6640a7800 WatcherThread [stack: 0x00007fc65ddec000,0x00007fc65deed000] [id=474]

VM state:not at safepoint (normal execution)

VM Mutex/Monitor currently owned by a thread:  ([mutex/lock_event])
[0x00007fc664006b80] ExpandHeap_lock - owner thread: 0x00007fc62c08b000
[0x00007fc664007700] Heap_lock - owner thread: 0x00007fc62c08b000
[0x00007fc664007d00] MethodData_lock - owner thread: 0x00007fc664582000

Heap
 PSYoungGen      total 337408K, used 192436K [0x00000000e3000000, 0x0000000100000000, 0x0000000100000000)
  eden space 232448K, 82% used [0x00000000e3000000,0x00000000eebed3b8,0x00000000f1300000)
  from space 104960K, 0% used [0x00000000f9980000,0x00000000f9980000,0x0000000100000000)
  to   space 121344K, 0% used [0x00000000f1300000,0x00000000f1300000,0x00000000f8980000)
 ParOldGen       total 710656K, used 435084K [0x00000000a9000000, 0x00000000d4600000, 0x00000000e3000000)
  object space 710656K, 61% used [0x00000000a9000000,0x00000000c38e31a0,0x00000000d4600000)
 PSPermGen       total 45568K, used 28600K [0x00000000a3e00000, 0x00000000a6a80000, 0x00000000a9000000)
  object space 45568K, 62% used [0x00000000a3e00000,0x00000000a59ee298,0x00000000a6a80000)

Card table byte_map: [0x00007fc669e4d000,0x00007fc66a12f000] byte_map_base: 0x00007fc66992e000

Polling page: 0x00007fc66cf61000

Code Cache  [0x00007fc661000000, 0x00007fc661440000, 0x00007fc664000000)
 total_blobs=1962 nmethods=1534 adapters=379 free_code_cache=44943Kb largest_free_block=45915520

Compilation events (10 events):
Event: 350.431 Thread 0x00007fc664092800 1687             java.lang.Character::toSurrogates (17 bytes)
Event: 350.431 Thread 0x00007fc66408f800 1686             java.lang.Character::isValidCodePoint (17 bytes)
Event: 350.431 Thread 0x00007fc66408f800 nmethod 1686 0x00007fc6613bef10 code [0x00007fc6613bf040, 0x00007fc6613bf098]
Event: 350.432 Thread 0x00007fc664092800 nmethod 1687 0x00007fc6613bec10 code [0x00007fc6613bed60, 0x00007fc6613bee38]
Event: 350.554 Thread 0x00007fc66408f800 1688   !         java.nio.charset.CharsetEncoder::encode (285 bytes)
Event: 350.557 Thread 0x00007fc664092800 1689             sun.nio.cs.UTF_8$Encoder::encodeLoop (28 bytes)
Event: 350.558 Thread 0x00007fc664092800 nmethod 1689 0x00007fc6613be890 code [0x00007fc6613be9e0, 0x00007fc6613bead8]
Event: 350.559 Thread 0x00007fc664092800 1690             java.nio.CharBuffer::hasArray (20 bytes)
Event: 350.559 Thread 0x00007fc664092800 nmethod 1690 0x00007fc66110f810 code [0x00007fc66110f940, 0x00007fc66110f9b8]
Event: 351.237 Thread 0x00007fc66408f800 nmethod 1688 0x00007fc661416610 code [0x00007fc6614168c0, 0x00007fc661417110]

GC Heap History (10 events):
Event: 346.873 GC heap before
{Heap before GC invocations=27 (full 7):
 PSYoungGen      total 377856K, used 287232K [0x00000000e3000000, 0x00000000ffe80000, 0x0000000100000000)
  eden space 287232K, 100% used [0x00000000e3000000,0x00000000f4880000,0x00000000f4880000)
  from space 90624K, 0% used [0x00000000f4880000,0x00000000f4880000,0x00000000fa100000)
  to   space 87040K, 0% used [0x00000000fa980000,0x00000000fa980000,0x00000000ffe80000)
 ParOldGen       total 512512K, used 236630K [0x00000000a9000000, 0x00000000c8480000, 0x00000000e3000000)
  object space 512512K, 46% used [0x00000000a9000000,0x00000000b7715b30,0x00000000c8480000)
 PSPermGen       total 50688K, used 28592K [0x00000000a3e00000, 0x00000000a6f80000, 0x00000000a9000000)
  object space 50688K, 56% used [0x00000000a3e00000,0x00000000a59ec1b0,0x00000000a6f80000)
Event: 346.934 GC heap after
Heap after GC invocations=27 (full 7):
 PSYoungGen      total 355328K, used 87037K [0x00000000e3000000, 0x0000000100000000, 0x0000000100000000)
  eden space 268288K, 0% used [0x00000000e3000000,0x00000000e3000000,0x00000000f3600000)
  from space 87040K, 99% used [0x00000000fa980000,0x00000000ffe7f7f0,0x00000000ffe80000)
  to   space 103424K, 0% used [0x00000000f3600000,0x00000000f3600000,0x00000000f9b00000)
 ParOldGen       total 512512K, used 238814K [0x00000000a9000000, 0x00000000c8480000, 0x00000000e3000000)
  object space 512512K, 46% used [0x00000000a9000000,0x00000000b7937a10,0x00000000c8480000)
 PSPermGen       total 50688K, used 28592K [0x00000000a3e00000, 0x00000000a6f80000, 0x00000000a9000000)
  object space 50688K, 56% used [0x00000000a3e00000,0x00000000a59ec1b0,0x00000000a6f80000)
}
Event: 347.238 GC heap before
{Heap before GC invocations=28 (full 7):
 PSYoungGen      total 355328K, used 355325K [0x00000000e3000000, 0x0000000100000000, 0x0000000100000000)
  eden space 268288K, 100% used [0x00000000e3000000,0x00000000f3600000,0x00000000f3600000)
  from space 87040K, 99% used [0x00000000fa980000,0x00000000ffe7f7f0,0x00000000ffe80000)
  to   space 103424K, 0% used [0x00000000f3600000,0x00000000f3600000,0x00000000f9b00000)
 ParOldGen       total 512512K, used 238814K [0x00000000a9000000, 0x00000000c8480000, 0x00000000e3000000)
  object space 512512K, 46% used [0x00000000a9000000,0x00000000b7937a10,0x00000000c8480000)
 PSPermGen       total 50688K, used 28596K [0x00000000a3e00000, 0x00000000a6f80000, 0x00000000a9000000)
  object space 50688K, 56% used [0x00000000a3e00000,0x00000000a59ed0c8,0x00000000a6f80000)
Event: 347.293 GC heap after
Heap after GC invocations=28 (full 7):
 PSYoungGen      total 324608K, used 56316K [0x00000000e3000000, 0x0000000100000000, 0x0000000100000000)
  eden space 268288K, 0% used [0x00000000e3000000,0x00000000e3000000,0x00000000f3600000)
  from space 56320K, 99% used [0x00000000f3600000,0x00000000f6cff0b8,0x00000000f6d00000)
  to   space 104960K, 0% used [0x00000000f9980000,0x00000000f9980000,0x0000000100000000)
 ParOldGen       total 512512K, used 327080K [0x00000000a9000000, 0x00000000c8480000, 0x00000000e3000000)
  object space 512512K, 63% used [0x00000000a9000000,0x00000000bcf6a1b8,0x00000000c8480000)
 PSPermGen       total 50688K, used 28596K [0x00000000a3e00000, 0x00000000a6f80000, 0x00000000a9000000)
  object space 50688K, 56% used [0x00000000a3e00000,0x00000000a59ed0c8,0x00000000a6f80000)
}
Event: 347.293 GC heap before
{Heap before GC invocations=29 (full 8):
 PSYoungGen      total 324608K, used 56316K [0x00000000e3000000, 0x0000000100000000, 0x0000000100000000)
  eden space 268288K, 0% used [0x00000000e3000000,0x00000000e3000000,0x00000000f3600000)
  from space 56320K, 99% used [0x00000000f3600000,0x00000000f6cff0b8,0x00000000f6d00000)
  to   space 104960K, 0% used [0x00000000f9980000,0x00000000f9980000,0x0000000100000000)
 ParOldGen       total 512512K, used 327080K [0x00000000a9000000, 0x00000000c8480000, 0x00000000e3000000)
  object space 512512K, 63% used [0x00000000a9000000,0x00000000bcf6a1b8,0x00000000c8480000)
 PSPermGen       total 50688K, used 28596K [0x00000000a3e00000, 0x00000000a6f80000, 0x00000000a9000000)
  object space 50688K, 56% used [0x00000000a3e00000,0x00000000a59ed0c8,0x00000000a6f80000)
Event: 347.558 GC heap after
Heap after GC invocations=29 (full 8):
 PSYoungGen      total 324608K, used 0K [0x00000000e3000000, 0x0000000100000000, 0x0000000100000000)
  eden space 268288K, 0% used [0x00000000e3000000,0x00000000e3000000,0x00000000f3600000)
  from space 56320K, 0% used [0x00000000f3600000,0x00000000f3600000,0x00000000f6d00000)
  to   space 104960K, 0% used [0x00000000f9980000,0x00000000f9980000,0x0000000100000000)
 ParOldGen       total 560128K, used 285683K [0x00000000a9000000, 0x00000000cb300000, 0x00000000e3000000)
  object space 560128K, 51% used [0x00000000a9000000,0x00000000ba6fcc70,0x00000000cb300000)
 PSPermGen       total 48128K, used 28596K [0x00000000a3e00000, 0x00000000a6d00000, 0x00000000a9000000)
  object space 48128K, 59% used [0x00000000a3e00000,0x00000000a59ed0a8,0x00000000a6d00000)
}
Event: 347.800 GC heap before
{Heap before GC invocations=30 (full 8):
 PSYoungGen      total 324608K, used 268288K [0x00000000e3000000, 0x0000000100000000, 0x0000000100000000)
  eden space 268288K, 100% used [0x00000000e3000000,0x00000000f3600000,0x00000000f3600000)
  from space 56320K, 0% used [0x00000000f3600000,0x00000000f3600000,0x00000000f6d00000)
  to   space 104960K, 0% used [0x00000000f9980000,0x00000000f9980000,0x0000000100000000)
 ParOldGen       total 560128K, used 285683K [0x00000000a9000000, 0x00000000cb300000, 0x00000000e3000000)
  object space 560128K, 51% used [0x00000000a9000000,0x00000000ba6fcc70,0x00000000cb300000)
 PSPermGen       total 48128K, used 28596K [0x00000000a3e00000, 0x00000000a6d00000, 0x00000000a9000000)
  object space 48128K, 59% used [0x00000000a3e00000,0x00000000a59ed268,0x00000000a6d00000)
Event: 347.820 GC heap after
Heap after GC invocations=30 (full 8):
 PSYoungGen      total 337408K, used 99608K [0x00000000e3000000, 0x0000000100000000, 0x0000000100000000)
  eden space 232448K, 0% used [0x00000000e3000000,0x00000000e3000000,0x00000000f1300000)
  from space 104960K, 94% used [0x00000000f9980000,0x00000000ffac6010,0x0000000100000000)
  to   space 121344K, 0% used [0x00000000f1300000,0x00000000f1300000,0x00000000f8980000)
 ParOldGen       total 560128K, used 285683K [0x00000000a9000000, 0x00000000cb300000, 0x00000000e3000000)
  object space 560128K, 51% used [0x00000000a9000000,0x00000000ba6fcc70,0x00000000cb300000)
 PSPermGen       total 48128K, used 28596K [0x00000000a3e00000, 0x00000000a6d00000, 0x00000000a9000000)
  object space 48128K, 59% used [0x00000000a3e00000,0x00000000a59ed268,0x00000000a6d00000)
}
Event: 351.041 GC heap before
{Heap before GC invocations=31 (full 9):
 PSYoungGen      total 337408K, used 332056K [0x00000000e3000000, 0x0000000100000000, 0x0000000100000000)
  eden space 232448K, 100% used [0x00000000e3000000,0x00000000f1300000,0x00000000f1300000)
  from space 104960K, 94% used [0x00000000f9980000,0x00000000ffac6010,0x0000000100000000)
  to   space 121344K, 0% used [0x00000000f1300000,0x00000000f1300000,0x00000000f8980000)
 ParOldGen       total 560128K, used 484643K [0x00000000a9000000, 0x00000000cb300000, 0x00000000e3000000)
  object space 560128K, 86% used [0x00000000a9000000,0x00000000c6948c80,0x00000000cb300000)
 PSPermGen       total 48128K, used 28600K [0x00000000a3e00000, 0x00000000a6d00000, 0x00000000a9000000)
  object space 48128K, 59% used [0x00000000a3e00000,0x00000000a59ee298,0x00000000a6d00000)
Event: 351.227 GC heap after
Heap after GC invocations=31 (full 9):
 PSYoungGen      total 337408K, used 0K [0x00000000e3000000, 0x0000000100000000, 0x0000000100000000)
  eden space 232448K, 0% used [0x00000000e3000000,0x00000000e3000000,0x00000000f1300000)
  from space 104960K, 0% used [0x00000000f9980000,0x00000000f9980000,0x0000000100000000)
  to   space 121344K, 0% used [0x00000000f1300000,0x00000000f1300000,0x00000000f8980000)
 ParOldGen       total 710656K, used 435084K [0x00000000a9000000, 0x00000000d4600000, 0x00000000e3000000)
  object space 710656K, 61% used [0x00000000a9000000,0x00000000c38e31a0,0x00000000d4600000)
 PSPermGen       total 45568K, used 28600K [0x00000000a3e00000, 0x00000000a6a80000, 0x00000000a9000000)
  object space 45568K, 62% used [0x00000000a3e00000,0x00000000a59ee298,0x00000000a6a80000)
}

Deoptimization events (10 events):
Event: 339.511 Thread 0x00007fc62c08b000 Uncommon trap: reason=unreached action=reinterpret pc=0x00007fc6613c69ac method=org.jsoup.parser.TokeniserState$40.read(Lorg/jsoup/parser/Tokeniser;Lorg/jsoup/parser/CharacterReader;)V @ 248
Event: 340.057 Thread 0x00007fc62c08b000 Uncommon trap: reason=class_check action=maybe_recompile pc=0x00007fc6610feb50 method=java.lang.Character.getType(I)I @ 5
Event: 340.892 Thread 0x00007fc62c08b000 Uncommon trap: reason=unreached action=reinterpret pc=0x00007fc661311994 method=java.util.regex.Pattern.sequence(Ljava/util/regex/Pattern$Node;)Ljava/util/regex/Pattern$Node; @ 151
Event: 340.892 Thread 0x00007fc62c08b000 Uncommon trap: reason=unloaded action=reinterpret pc=0x00007fc661303ca0 method=java.util.regex.Pattern.newSingle(I)Ljava/util/regex/Pattern$CharProperty; @ 63
Event: 340.938 Thread 0x00007fc62c08b000 Uncommon trap: reason=unreached action=reinterpret pc=0x00007fc661311994 method=java.util.regex.Pattern.sequence(Ljava/util/regex/Pattern$Node;)Ljava/util/regex/Pattern$Node; @ 151
Event: 341.077 Thread 0x00007fc62c08b000 Uncommon trap: reason=class_check action=maybe_recompile pc=0x00007fc661225ac0 method=org.jsoup.select.NodeTraversor.traverse(Lorg/jsoup/nodes/Node;)V @ 14
Event: 341.110 Thread 0x00007fc62c08b000 Uncommon trap: reason=unreached action=reinterpret pc=0x00007fc6613bc7a0 method=org.jsoup.nodes.Node.nextSibling()Lorg/jsoup/nodes/Node; @ 4
Event: 341.127 Thread 0x00007fc62c08b000 Uncommon trap: reason=unreached action=reinterpret pc=0x00007fc6613af4ec method=sun.nio.cs.UTF_8$Decoder.getByteBuffer(Ljava/nio/ByteBuffer;[BI)Ljava/nio/ByteBuffer; @ 1
Event: 346.998 Thread 0x00007fc62c08b000 Uncommon trap: reason=unreached action=reinterpret pc=0x00007fc6610f0d5c method=java.nio.CharBuffer.hasArray()Z @ 4
Event: 346.998 Thread 0x00007fc62c08b000 Uncommon trap: reason=unreached action=reinterpret pc=0x00007fc66119a07c method=java.nio.CharBuffer.hasArray()Z @ 4

Internal exceptions (10 events):
Event: 341.077 Thread 0x00007fc62c08b000 Threw 0x00000000eab6b398 at /HUDSON/workspace/7u-2-build-linux-amd64/jdk7u71/1605/hotspot/src/share/vm/prims/jvm.cpp:1281
Event: 341.110 Thread 0x00007fc62c08b000 Implicit null exception at 0x00007fc6613bbf4a to 0x00007fc6613bc779
Event: 341.127 Thread 0x00007fc62c08b000 Implicit null exception at 0x00007fc6613af48f to 0x00007fc6613af4d2
Event: 346.160 Thread 0x00007fc62c084800 Threw 0x00000000e30001a0 at /HUDSON/workspace/7u-2-build-linux-amd64/jdk7u71/1605/hotspot/src/share/vm/prims/jni.cpp:743
Event: 346.498 Thread 0x00007fc62c095000 Threw 0x00000000eb3410a8 at /HUDSON/workspace/7u-2-build-linux-amd64/jdk7u71/1605/hotspot/src/share/vm/prims/jni.cpp:743
Event: 351.227 Thread 0x00007fc62c089000 Threw 0x00000000e33cde18 at /HUDSON/workspace/7u-2-build-linux-amd64/jdk7u71/1605/hotspot/src/share/vm/prims/jni.cpp:743
Event: 351.228 Thread 0x00007fc62c093000 Threw 0x00000000e33f3af8 at /HUDSON/workspace/7u-2-build-linux-amd64/jdk7u71/1605/hotspot/src/share/vm/prims/jni.cpp:743
Event: 351.228 Thread 0x00007fc62c09b000 Threw 0x00000000e3409cf8 at /HUDSON/workspace/7u-2-build-linux-amd64/jdk7u71/1605/hotspot/src/share/vm/prims/jni.cpp:743
Event: 351.228 Thread 0x00007fc62c090800 Threw 0x00000000e3419898 at /HUDSON/workspace/7u-2-build-linux-amd64/jdk7u71/1605/hotspot/src/share/vm/prims/jni.cpp:743
Event: 351.786 Thread 0x00007fc62c087800 Threw 0x00000000eeb994a0 at /HUDSON/workspace/7u-2-build-linux-amd64/jdk7u71/1605/hotspot/src/share/vm/prims/jni.cpp:743

Events (10 events):
Event: 346.998 Thread 0x00007fc62c08b000 DEOPT UNPACKING pc=0x00007fc661039445 sp=0x00007fc65c6a5ec0 mode 2
Event: 347.238 Executing VM operation: ParallelGCFailedAllocation
Event: 347.558 Executing VM operation: ParallelGCFailedAllocation done
Event: 347.800 Executing VM operation: ParallelGCFailedAllocation
Event: 347.820 Executing VM operation: ParallelGCFailedAllocation done
Event: 350.558 Thread 0x00007fc664092800 flushing nmethod 0x00007fc66110f710
Event: 350.559 Thread 0x00007fc664092800 flushing nmethod 0x00007fc66112ecd0
Event: 350.644 Executing VM operation: ParallelGCFailedAllocation
Event: 351.227 Executing VM operation: ParallelGCFailedAllocation done
Event: 351.237 Thread 0x00007fc66408f800 flushing nmethod 0x00007fc66114fdd0


Dynamic libraries:
00400000-00401000 r-xp 00000000 08:0a 2768441                            /usr/java/java-sun/bin/java
00600000-00601000 rw-p 00000000 08:0a 2768441                            /usr/java/java-sun/bin/java
0251f000-02540000 rw-p 00000000 00:00 0                                  [heap]
a3e00000-a6a80000 rw-p 00000000 00:00 0 
a6a80000-a7c00000 ---p 00000000 00:00 0 
a7c00000-a9000000 rw-p 00000000 00:00 0 
a9000000-d4600000 rw-p 00000000 00:00 0 
e3000000-100000000 rw-p 00000000 00:00 0 
7fc620000000-7fc620070000 rw-p 00000000 00:00 0 
7fc620070000-7fc624000000 ---p 00000000 00:00 0 
7fc625b3b000-7fc625b40000 r-xp 00000000 08:0a 2761720                    /usr/lib/x86_64-linux-gnu/libXdmcp.so.6.0.0
7fc625b40000-7fc625d3f000 ---p 00005000 08:0a 2761720                    /usr/lib/x86_64-linux-gnu/libXdmcp.so.6.0.0
7fc625d3f000-7fc625d40000 r--p 00004000 08:0a 2761720                    /usr/lib/x86_64-linux-gnu/libXdmcp.so.6.0.0
7fc625d40000-7fc625d41000 rw-p 00005000 08:0a 2761720                    /usr/lib/x86_64-linux-gnu/libXdmcp.so.6.0.0
7fc625d41000-7fc625d43000 r-xp 00000000 08:0a 2761709                    /usr/lib/x86_64-linux-gnu/libXau.so.6.0.0
7fc625d43000-7fc625f43000 ---p 00002000 08:0a 2761709                    /usr/lib/x86_64-linux-gnu/libXau.so.6.0.0
7fc625f43000-7fc625f44000 r--p 00002000 08:0a 2761709                    /usr/lib/x86_64-linux-gnu/libXau.so.6.0.0
7fc625f44000-7fc625f45000 rw-p 00003000 08:0a 2761709                    /usr/lib/x86_64-linux-gnu/libXau.so.6.0.0
7fc625f45000-7fc625f62000 r-xp 00000000 08:0a 2762777                    /usr/lib/x86_64-linux-gnu/libxcb.so.1.1.0
7fc625f62000-7fc626162000 ---p 0001d000 08:0a 2762777                    /usr/lib/x86_64-linux-gnu/libxcb.so.1.1.0
7fc626162000-7fc626163000 r--p 0001d000 08:0a 2762777                    /usr/lib/x86_64-linux-gnu/libxcb.so.1.1.0
7fc626163000-7fc626164000 rw-p 0001e000 08:0a 2762777                    /usr/lib/x86_64-linux-gnu/libxcb.so.1.1.0
7fc626164000-7fc626173000 r-xp 00000000 08:0a 2761730                    /usr/lib/x86_64-linux-gnu/libXi.so.6.1.0
7fc626173000-7fc626372000 ---p 0000f000 08:0a 2761730                    /usr/lib/x86_64-linux-gnu/libXi.so.6.1.0
7fc626372000-7fc626373000 r--p 0000e000 08:0a 2761730                    /usr/lib/x86_64-linux-gnu/libXi.so.6.1.0
7fc626373000-7fc626374000 rw-p 0000f000 08:0a 2761730                    /usr/lib/x86_64-linux-gnu/libXi.so.6.1.0
7fc626374000-7fc626379000 r-xp 00000000 08:0a 2761750                    /usr/lib/x86_64-linux-gnu/libXtst.so.6.1.0
7fc626379000-7fc626578000 ---p 00005000 08:0a 2761750                    /usr/lib/x86_64-linux-gnu/libXtst.so.6.1.0
7fc626578000-7fc626579000 r--p 00004000 08:0a 2761750                    /usr/lib/x86_64-linux-gnu/libXtst.so.6.1.0
7fc626579000-7fc62657a000 rw-p 00005000 08:0a 2761750                    /usr/lib/x86_64-linux-gnu/libXtst.so.6.1.0
7fc62657a000-7fc626583000 r-xp 00000000 08:0a 2761744                    /usr/lib/x86_64-linux-gnu/libXrender.so.1.3.0
7fc626583000-7fc626782000 ---p 00009000 08:0a 2761744                    /usr/lib/x86_64-linux-gnu/libXrender.so.1.3.0
7fc626782000-7fc626783000 r--p 00008000 08:0a 2761744                    /usr/lib/x86_64-linux-gnu/libXrender.so.1.3.0
7fc626783000-7fc626784000 rw-p 00009000 08:0a 2761744                    /usr/lib/x86_64-linux-gnu/libXrender.so.1.3.0
7fc626784000-7fc6268b4000 r-xp 00000000 08:0a 2761705                    /usr/lib/x86_64-linux-gnu/libX11.so.6.3.0
7fc6268b4000-7fc626ab4000 ---p 00130000 08:0a 2761705                    /usr/lib/x86_64-linux-gnu/libX11.so.6.3.0
7fc626ab4000-7fc626ab5000 r--p 00130000 08:0a 2761705                    /usr/lib/x86_64-linux-gnu/libX11.so.6.3.0
7fc626ab5000-7fc626ab9000 rw-p 00131000 08:0a 2761705                    /usr/lib/x86_64-linux-gnu/libX11.so.6.3.0
7fc626ab9000-7fc626aca000 r-xp 00000000 08:0a 2761722                    /usr/lib/x86_64-linux-gnu/libXext.so.6.4.0
7fc626aca000-7fc626cc9000 ---p 00011000 08:0a 2761722                    /usr/lib/x86_64-linux-gnu/libXext.so.6.4.0
7fc626cc9000-7fc626cca000 r--p 00010000 08:0a 2761722                    /usr/lib/x86_64-linux-gnu/libXext.so.6.4.0
7fc626cca000-7fc626ccb000 rw-p 00011000 08:0a 2761722                    /usr/lib/x86_64-linux-gnu/libXext.so.6.4.0
7fc626ccb000-7fc626d1b000 r-xp 00000000 08:0a 2769115                    /usr/java/java-sun/jre/lib/amd64/xawt/libmawt.so
7fc626d1b000-7fc626f1b000 ---p 00050000 08:0a 2769115                    /usr/java/java-sun/jre/lib/amd64/xawt/libmawt.so
7fc626f1b000-7fc626f1f000 rw-p 00050000 08:0a 2769115                    /usr/java/java-sun/jre/lib/amd64/xawt/libmawt.so
7fc626f1f000-7fc626f20000 rw-p 00000000 00:00 0 
7fc626f20000-7fc626fc2000 r-xp 00000000 08:0a 2769095                    /usr/java/java-sun/jre/lib/amd64/libawt.so
7fc626fc2000-7fc6271c2000 ---p 000a2000 08:0a 2769095                    /usr/java/java-sun/jre/lib/amd64/libawt.so
7fc6271c2000-7fc6271ce000 rw-p 000a2000 08:0a 2769095                    /usr/java/java-sun/jre/lib/amd64/libawt.so
7fc6271ce000-7fc6271f2000 rw-p 00000000 00:00 0 
7fc6271f2000-7fc6271f5000 ---p 00000000 00:00 0 
7fc6271f5000-7fc6272f3000 rw-p 00000000 00:00 0                          [stack:501]
7fc6272f3000-7fc6272f6000 ---p 00000000 00:00 0 
7fc6272f6000-7fc6273f4000 rw-p 00000000 00:00 0                          [stack:500]
7fc6273f4000-7fc6273f7000 ---p 00000000 00:00 0 
7fc6273f7000-7fc6274f5000 rw-p 00000000 00:00 0                          [stack:499]
7fc6274f5000-7fc6274f8000 ---p 00000000 00:00 0 
7fc6274f8000-7fc6275f6000 rw-p 00000000 00:00 0                          [stack:498]
7fc6275f6000-7fc6275f9000 ---p 00000000 00:00 0 
7fc6275f9000-7fc6276f7000 rw-p 00000000 00:00 0                          [stack:497]
7fc6276f7000-7fc6276fa000 ---p 00000000 00:00 0 
7fc6276fa000-7fc6277f8000 rw-p 00000000 00:00 0                          [stack:496]
7fc6277f8000-7fc6277fb000 ---p 00000000 00:00 0 
7fc6277fb000-7fc6278f9000 rw-p 00000000 00:00 0                          [stack:495]
7fc6278f9000-7fc6278fc000 ---p 00000000 00:00 0 
7fc6278fc000-7fc6279fa000 rw-p 00000000 00:00 0                          [stack:494]
7fc6279fa000-7fc6279fd000 ---p 00000000 00:00 0 
7fc6279fd000-7fc627afb000 rw-p 00000000 00:00 0                          [stack:493]
7fc627afb000-7fc627afe000 ---p 00000000 00:00 0 
7fc627afe000-7fc627bfc000 rw-p 00000000 00:00 0                          [stack:492]
7fc627bfc000-7fc627bff000 ---p 00000000 00:00 0 
7fc627bff000-7fc627cfd000 rw-p 00000000 00:00 0                          [stack:491]
7fc627cfd000-7fc627d00000 ---p 00000000 00:00 0 
7fc627d00000-7fc627dfe000 rw-p 00000000 00:00 0                          [stack:490]
7fc627dfe000-7fc627e01000 ---p 00000000 00:00 0 
7fc627e01000-7fc627eff000 rw-p 00000000 00:00 0                          [stack:489]
7fc627eff000-7fc627f02000 ---p 00000000 00:00 0 
7fc627f02000-7fc628000000 rw-p 00000000 00:00 0                          [stack:488]
7fc628000000-7fc628280000 rw-p 00000000 00:00 0 
7fc628280000-7fc62c000000 ---p 00000000 00:00 0 
7fc62c000000-7fc62c0eb000 rw-p 00000000 00:00 0 
7fc62c0eb000-7fc630000000 ---p 00000000 00:00 0 
7fc630000000-7fc630021000 rw-p 00000000 00:00 0 
7fc630021000-7fc634000000 ---p 00000000 00:00 0 
7fc634000000-7fc634021000 rw-p 00000000 00:00 0 
7fc634021000-7fc638000000 ---p 00000000 00:00 0 
7fc638000000-7fc6394fc000 rw-p 00000000 00:00 0 
7fc6394fc000-7fc63c000000 ---p 00000000 00:00 0 
7fc63c000000-7fc63c0ee000 rw-p 00000000 00:00 0 
7fc63c0ee000-7fc640000000 ---p 00000000 00:00 0 
7fc640000000-7fc640021000 rw-p 00000000 00:00 0 
7fc640021000-7fc644000000 ---p 00000000 00:00 0 
7fc644000000-7fc645bb6000 rw-p 00000000 00:00 0 
7fc645bb6000-7fc648000000 ---p 00000000 00:00 0 
7fc648000000-7fc648021000 rw-p 00000000 00:00 0 
7fc648021000-7fc64c000000 ---p 00000000 00:00 0 
7fc64c000000-7fc64c032000 rw-p 00000000 00:00 0 
7fc64c032000-7fc650000000 ---p 00000000 00:00 0 
7fc650000000-7fc65004a000 rw-p 00000000 00:00 0 
7fc65004a000-7fc654000000 ---p 00000000 00:00 0 
7fc654000000-7fc6540a1000 rw-p 00000000 00:00 0 
7fc6540a1000-7fc658000000 ---p 00000000 00:00 0 
7fc658000000-7fc65804b000 rw-p 00000000 00:00 0 
7fc65804b000-7fc65c000000 ---p 00000000 00:00 0 
7fc65c0a2000-7fc65c0a5000 ---p 00000000 00:00 0 
7fc65c0a5000-7fc65c1a3000 rw-p 00000000 00:00 0                          [stack:487]
7fc65c1a3000-7fc65c1a6000 ---p 00000000 00:00 0 
7fc65c1a6000-7fc65c2a4000 rw-p 00000000 00:00 0                          [stack:486]
7fc65c2a4000-7fc65c2a7000 ---p 00000000 00:00 0 
7fc65c2a7000-7fc65c3a5000 rw-p 00000000 00:00 0                          [stack:485]
7fc65c3a5000-7fc65c3a8000 ---p 00000000 00:00 0 
7fc65c3a8000-7fc65c4a6000 rw-p 00000000 00:00 0                          [stack:484]
7fc65c4a6000-7fc65c4a9000 ---p 00000000 00:00 0 
7fc65c4a9000-7fc65c5a7000 rw-p 00000000 00:00 0                          [stack:483]
7fc65c5a7000-7fc65c5aa000 ---p 00000000 00:00 0 
7fc65c5aa000-7fc65c6a8000 rw-p 00000000 00:00 0                          [stack:482]
7fc65c6a8000-7fc65c6be000 r-xp 00000000 08:0a 3149807                    /lib/x86_64-linux-gnu/libgcc_s.so.1
7fc65c6be000-7fc65c8bd000 ---p 00016000 08:0a 3149807                    /lib/x86_64-linux-gnu/libgcc_s.so.1
7fc65c8bd000-7fc65c8be000 rw-p 00015000 08:0a 3149807                    /lib/x86_64-linux-gnu/libgcc_s.so.1
7fc65c8d4000-7fc65c906000 r-xp 00000000 08:0a 2769108                    /usr/java/java-sun/jre/lib/amd64/libsunec.so
7fc65c906000-7fc65cb05000 ---p 00032000 08:0a 2769108                    /usr/java/java-sun/jre/lib/amd64/libsunec.so
7fc65cb05000-7fc65cb0b000 rw-p 00031000 08:0a 2769108                    /usr/java/java-sun/jre/lib/amd64/libsunec.so
7fc65cb0b000-7fc65cb1b000 rw-p 00000000 00:00 0 
7fc65cb1b000-7fc65cb1e000 ---p 00000000 00:00 0 
7fc65cb1e000-7fc65cc1c000 rw-p 00000000 00:00 0                          [stack:481]
7fc65cc1c000-7fc65cc1f000 ---p 00000000 00:00 0 
7fc65cc1f000-7fc65cd1d000 rw-p 00000000 00:00 0                          [stack:480]
7fc65cd1d000-7fc65cd20000 ---p 00000000 00:00 0 
7fc65cd20000-7fc65ce1e000 rw-p 00000000 00:00 0                          [stack:503]
7fc65ce1e000-7fc65ce35000 r-xp 00000000 08:0a 3149757                    /lib/x86_64-linux-gnu/libresolv-2.19.so
7fc65ce35000-7fc65d035000 ---p 00017000 08:0a 3149757                    /lib/x86_64-linux-gnu/libresolv-2.19.so
7fc65d035000-7fc65d036000 r--p 00017000 08:0a 3149757                    /lib/x86_64-linux-gnu/libresolv-2.19.so
7fc65d036000-7fc65d037000 rw-p 00018000 08:0a 3149757                    /lib/x86_64-linux-gnu/libresolv-2.19.so
7fc65d037000-7fc65d039000 rw-p 00000000 00:00 0 
7fc65d039000-7fc65d03e000 r-xp 00000000 08:0a 3163031                    /lib/x86_64-linux-gnu/libnss_dns-2.19.so
7fc65d03e000-7fc65d23d000 ---p 00005000 08:0a 3163031                    /lib/x86_64-linux-gnu/libnss_dns-2.19.so
7fc65d23d000-7fc65d23e000 r--p 00004000 08:0a 3163031                    /lib/x86_64-linux-gnu/libnss_dns-2.19.so
7fc65d23e000-7fc65d23f000 rw-p 00005000 08:0a 3163031                    /lib/x86_64-linux-gnu/libnss_dns-2.19.so
7fc65d23f000-7fc65d241000 r-xp 00000000 08:0a 3149911                    /lib/x86_64-linux-gnu/libnss_mdns4_minimal.so.2
7fc65d241000-7fc65d440000 ---p 00002000 08:0a 3149911                    /lib/x86_64-linux-gnu/libnss_mdns4_minimal.so.2
7fc65d440000-7fc65d441000 r--p 00001000 08:0a 3149911                    /lib/x86_64-linux-gnu/libnss_mdns4_minimal.so.2
7fc65d441000-7fc65d442000 rw-p 00002000 08:0a 3149911                    /lib/x86_64-linux-gnu/libnss_mdns4_minimal.so.2
7fc65d449000-7fc65d44a000 rw-p 00000000 00:00 0 
7fc65d44a000-7fc65d44c000 r--s 00001000 08:0a 2768597                    /usr/java/java-sun/jre/lib/ext/dnsns.jar
7fc65d44c000-7fc65d450000 r--s 0002d000 08:0a 2768600                    /usr/java/java-sun/jre/lib/ext/sunjce_provider.jar
7fc65d450000-7fc65d451000 r--s 00003000 08:0a 2768599                    /usr/java/java-sun/jre/lib/ext/sunec.jar
7fc65d451000-7fc65d455000 r--s 00037000 08:0a 2768596                    /usr/java/java-sun/jre/lib/ext/sunpkcs11.jar
7fc65d455000-7fc65d458000 r--s 00019000 08:0a 2768607                    /usr/java/java-sun/jre/lib/jce.jar
7fc65d458000-7fc65d45f000 r--s 00000000 08:0a 3019377                    /usr/lib/x86_64-linux-gnu/gconv/gconv-modules.cache
7fc65d45f000-7fc65d473000 r--p 00000000 08:0a 136662                     /usr/share/locale-langpack/zh_CN/LC_MESSAGES/libc.mo
7fc65d473000-7fc65d476000 ---p 00000000 00:00 0 
7fc65d476000-7fc65d574000 rw-p 00000000 00:00 0                          [stack:478]
7fc65d574000-7fc65d577000 ---p 00000000 00:00 0 
7fc65d577000-7fc65d675000 rw-p 00000000 00:00 0                          [stack:477]
7fc65d675000-7fc65d679000 r--s 0008a000 08:0a 2769268                    /usr/java/java-sun/jre/lib/jsse.jar
7fc65d679000-7fc65d684000 r--s 0037c000 08:0a 2768605                    /usr/java/java-sun/jre/lib/charsets.jar
7fc65d684000-7fc65d687000 ---p 00000000 00:00 0 
7fc65d687000-7fc65d785000 rw-p 00000000 00:00 0                          [stack:476]
7fc65d785000-7fc65d789000 r--s 000f7000 08:0a 2768595                    /usr/java/java-sun/jre/lib/ext/localedata.jar
7fc65d789000-7fc65d78c000 ---p 00000000 00:00 0 
7fc65d78c000-7fc65d8bb000 rw-p 00000000 00:00 0                          [stack:475]
7fc65d8bb000-7fc65d8d1000 r-xp 00000000 08:0a 2769091                    /usr/java/java-sun/jre/lib/amd64/libnet.so
7fc65d8d1000-7fc65dad1000 ---p 00016000 08:0a 2769091                    /usr/java/java-sun/jre/lib/amd64/libnet.so
7fc65dad1000-7fc65dad2000 rw-p 00016000 08:0a 2769091                    /usr/java/java-sun/jre/lib/amd64/libnet.so
7fc65dad2000-7fc65dae2000 r-xp 00000000 08:0a 2769131                    /usr/java/java-sun/jre/lib/amd64/libnio.so
7fc65dae2000-7fc65dce2000 ---p 00010000 08:0a 2769131                    /usr/java/java-sun/jre/lib/amd64/libnio.so
7fc65dce2000-7fc65dce3000 rw-p 00010000 08:0a 2769131                    /usr/java/java-sun/jre/lib/amd64/libnio.so
7fc65dce3000-7fc65dced000 r--s 00251000 08:0a 2769203                    /usr/java/java-sun/jre/lib/resources.jar
7fc65dced000-7fc65dcef000 r--s 00001000 08:0a 2245642                    /home/kellonge/workspace/flight-crawler/lib/slf4j-log4j12-1.7.6.jar
7fc65dcef000-7fc65dcf4000 r--s 00035000 08:0a 2245516                    /home/kellonge/workspace/flight-crawler/lib/commons-beanutils-1.9.2.jar
7fc65dcf4000-7fc65dcfa000 r--s 00033000 08:0a 2363249                    /home/kellonge/workspace/flight-crawler/lib/jaxen-1.1.6.jar
7fc65dcfa000-7fc65dd03000 r--s 000e2000 08:0a 2228231                    /home/kellonge/workspace/flight-crawler/lib/mysql-connector-java-5.1.34-bin.jar
7fc65dd03000-7fc65dd0c000 r--s 0006f000 08:0a 2245014                    /home/kellonge/workspace/flight-crawler/lib/log4j-1.2.17.jar
7fc65dd0c000-7fc65dd0e000 r--s 00006000 08:0a 2245015                    /home/kellonge/workspace/flight-crawler/lib/slf4j-api-1.7.6.jar
7fc65dd0e000-7fc65dd10000 r--s 00008000 08:0a 2244993                    /home/kellonge/workspace/flight-crawler/lib/xsoup-0.2.4.jar
7fc65dd10000-7fc65dd16000 r--s 00036000 08:0a 2245013                    /home/kellonge/workspace/flight-crawler/lib/junit-4.11.jar
7fc65dd16000-7fc65dd1c000 r--s 00042000 08:0a 2245012                    /home/kellonge/workspace/flight-crawler/lib/jsoup-1.7.2.jar
7fc65dd1c000-7fc65dd1e000 r--s 0000b000 08:0a 2245011                    /home/kellonge/workspace/flight-crawler/lib/json-smart-1.1.1.jar
7fc65dd1e000-7fc65dd21000 r--s 0000e000 08:0a 2245010                    /home/kellonge/workspace/flight-crawler/lib/json-path-0.8.1.jar
7fc65dd21000-7fc65dd23000 r--s 0001d000 08:0a 2245009                    /home/kellonge/workspace/flight-crawler/lib/jedis-2.0.0.jar
7fc65dd23000-7fc65dd24000 r--s 00006000 08:0a 2098667                    /home/kellonge/workspace/flight-crawler/lib/jboss-transaction-api_1.2_spec-1.0.0.Final.jar
7fc65dd24000-7fc65dd26000 r--s 0000c000 08:0a 2098665                    /home/kellonge/workspace/flight-crawler/lib/jboss-logging-3.1.3.GA.jar
7fc65dd26000-7fc65dd30000 r--s 000a5000 08:0a 2098671                    /home/kellonge/workspace/flight-crawler/lib/javassist-3.18.1-GA.jar
7fc65dd30000-7fc65dd32000 r--s 00011000 08:0a 2098672                    /home/kellonge/workspace/flight-crawler/lib/jandex-1.1.0.Final.jar
7fc65dd32000-7fc65dd38000 r--s 0003f000 08:0a 2245008                    /home/kellonge/workspace/flight-crawler/lib/httpcore-4.3.2.jar
7fc65dd38000-7fc65dd43000 r--s 00085000 08:0a 2245007                    /home/kellonge/workspace/flight-crawler/lib/httpclient-4.3.3.jar
7fc65dd43000-7fc65dd48000 r--s 00017000 08:0a 2098670                    /home/kellonge/workspace/flight-crawler/lib/hibernate-jpa-2.1-api-1.0.0.Final.jar
7fc65dd48000-7fc65dda6000 r--s 004a9000 08:0a 2098673                    /home/kellonge/workspace/flight-crawler/lib/hibernate-core-4.3.7.Final.jar
7fc65dda6000-7fc65dda9000 r--s 00010000 08:0a 2098669                    /home/kellonge/workspace/flight-crawler/lib/hibernate-commons-annotations-4.0.5.Final.jar
7fc65dda9000-7fc65ddd3000 r--s 001e9000 08:0a 2245005                    /home/kellonge/workspace/flight-crawler/lib/guava-15.0.jar
7fc65ddd3000-7fc65ddd9000 r--s 00052000 08:0a 2245004                    /home/kellonge/workspace/flight-crawler/lib/fastjson-1.1.37.jar
7fc65ddd9000-7fc65ddde000 r--s 00048000 08:0a 2098668                    /home/kellonge/workspace/flight-crawler/lib/dom4j-1.6.1.jar
7fc65ddde000-7fc65dde1000 r--s 00016000 08:0a 2245003                    /home/kellonge/workspace/flight-crawler/lib/commons-pool-1.5.5.jar
7fc65dde1000-7fc65dde7000 r--s 00048000 08:0a 2245001                    /home/kellonge/workspace/flight-crawler/lib/commons-lang3-3.1.jar
7fc65dde7000-7fc65ddec000 r--s 00041000 08:0a 2245000                    /home/kellonge/workspace/flight-crawler/lib/commons-lang-2.6.jar
7fc65ddec000-7fc65dded000 ---p 00000000 00:00 0 
7fc65dded000-7fc65deed000 rw-p 00000000 00:00 0                          [stack:474]
7fc65deed000-7fc65def0000 ---p 00000000 00:00 0 
7fc65def0000-7fc65dfee000 rw-p 00000000 00:00 0                          [stack:473]
7fc65dfee000-7fc65dff1000 ---p 00000000 00:00 0 
7fc65dff1000-7fc65e0ef000 rw-p 00000000 00:00 0                          [stack:472]
7fc65e0ef000-7fc65e0f2000 ---p 00000000 00:00 0 
7fc65e0f2000-7fc661000000 rw-p 00000000 00:00 0                          [stack:471]
7fc661000000-7fc661440000 rwxp 00000000 00:00 0 
7fc661440000-7fc664b9f000 rw-p 00000000 00:00 0 
7fc664b9f000-7fc668000000 ---p 00000000 00:00 0 
7fc668000000-7fc668002000 r--s 00009000 08:0a 2245006                    /home/kellonge/workspace/flight-crawler/lib/hamcrest-core-1.3.jar
7fc668002000-7fc668010000 r--s 0007f000 08:0a 2244998                    /home/kellonge/workspace/flight-crawler/lib/commons-collections-3.2.1.jar
7fc668010000-7fc66801c000 r--s 00081000 08:0a 2244996                    /home/kellonge/workspace/flight-crawler/lib/assertj-core-1.5.0.jar
7fc66801c000-7fc66801f000 ---p 00000000 00:00 0 
7fc66801f000-7fc66811d000 rw-p 00000000 00:00 0                          [stack:470]
7fc66811d000-7fc6687ff000 r--p 00000000 08:0a 2760562                    /usr/lib/locale/locale-archive
7fc6687ff000-7fc668802000 ---p 00000000 00:00 0 
7fc668802000-7fc668900000 rw-p 00000000 00:00 0                          [stack:468]
7fc668900000-7fc668903000 ---p 00000000 00:00 0 
7fc668903000-7fc668a01000 rw-p 00000000 00:00 0                          [stack:467]
7fc668a01000-7fc668a02000 ---p 00000000 00:00 0 
7fc668a02000-7fc6694b9000 rw-p 00000000 00:00 0                          [stack:466]
7fc6694b9000-7fc669678000 r--s 039e9000 08:0a 2769261                    /usr/java/java-sun/jre/lib/rt.jar
7fc669678000-7fc669a52000 rw-p 00000000 00:00 0 
7fc669a52000-7fc669a53000 ---p 00000000 00:00 0 
7fc669a53000-7fc669b53000 rw-p 00000000 00:00 0                          [stack:465]
7fc669b53000-7fc669b54000 ---p 00000000 00:00 0 
7fc669b54000-7fc669c6b000 rw-p 00000000 00:00 0                          [stack:464]
7fc669c6b000-7fc669c73000 ---p 00000000 00:00 0 
7fc669c73000-7fc669c7d000 rw-p 00000000 00:00 0 
7fc669c7d000-7fc669dd8000 rw-p 00000000 00:00 0 
7fc669dd8000-7fc669e4d000 rw-p 00000000 00:00 0 
7fc669e4d000-7fc669e64000 rw-p 00000000 00:00 0 
7fc669e64000-7fc669e6c000 ---p 00000000 00:00 0 
7fc669e6c000-7fc669e76000 rw-p 00000000 00:00 0 
7fc669e76000-7fc669fd1000 rw-p 00000000 00:00 0 
7fc669fd1000-7fc66a046000 rw-p 00000000 00:00 0 
7fc66a046000-7fc66a12e000 rw-p 00000000 00:00 0 
7fc66a12e000-7fc66a12f000 rw-p 00000000 00:00 0 
7fc66a12f000-7fc66a149000 r-xp 00000000 08:0a 2769145                    /usr/java/java-sun/jre/lib/amd64/libzip.so
7fc66a149000-7fc66a349000 ---p 0001a000 08:0a 2769145                    /usr/java/java-sun/jre/lib/amd64/libzip.so
7fc66a349000-7fc66a34a000 rw-p 0001a000 08:0a 2769145                    /usr/java/java-sun/jre/lib/amd64/libzip.so
7fc66a34a000-7fc66a355000 r-xp 00000000 08:0a 3163037                    /lib/x86_64-linux-gnu/libnss_files-2.19.so
7fc66a355000-7fc66a554000 ---p 0000b000 08:0a 3163037                    /lib/x86_64-linux-gnu/libnss_files-2.19.so
7fc66a554000-7fc66a555000 r--p 0000a000 08:0a 3163037                    /lib/x86_64-linux-gnu/libnss_files-2.19.so
7fc66a555000-7fc66a556000 rw-p 0000b000 08:0a 3163037                    /lib/x86_64-linux-gnu/libnss_files-2.19.so
7fc66a556000-7fc66a561000 r-xp 00000000 08:0a 3163044                    /lib/x86_64-linux-gnu/libnss_nis-2.19.so
7fc66a561000-7fc66a760000 ---p 0000b000 08:0a 3163044                    /lib/x86_64-linux-gnu/libnss_nis-2.19.so
7fc66a760000-7fc66a761000 r--p 0000a000 08:0a 3163044                    /lib/x86_64-linux-gnu/libnss_nis-2.19.so
7fc66a761000-7fc66a762000 rw-p 0000b000 08:0a 3163044                    /lib/x86_64-linux-gnu/libnss_nis-2.19.so
7fc66a762000-7fc66a779000 r-xp 00000000 08:0a 3149966                    /lib/x86_64-linux-gnu/libnsl-2.19.so
7fc66a779000-7fc66a978000 ---p 00017000 08:0a 3149966                    /lib/x86_64-linux-gnu/libnsl-2.19.so
7fc66a978000-7fc66a979000 r--p 00016000 08:0a 3149966                    /lib/x86_64-linux-gnu/libnsl-2.19.so
7fc66a979000-7fc66a97a000 rw-p 00017000 08:0a 3149966                    /lib/x86_64-linux-gnu/libnsl-2.19.so
7fc66a97a000-7fc66a97c000 rw-p 00000000 00:00 0 
7fc66a97c000-7fc66a985000 r-xp 00000000 08:0a 3163041                    /lib/x86_64-linux-gnu/libnss_compat-2.19.so
7fc66a985000-7fc66ab84000 ---p 00009000 08:0a 3163041                    /lib/x86_64-linux-gnu/libnss_compat-2.19.so
7fc66ab84000-7fc66ab85000 r--p 00008000 08:0a 3163041                    /lib/x86_64-linux-gnu/libnss_compat-2.19.so
7fc66ab85000-7fc66ab86000 rw-p 00009000 08:0a 3163041                    /lib/x86_64-linux-gnu/libnss_compat-2.19.so
7fc66ab86000-7fc66abaf000 r-xp 00000000 08:0a 2769128                    /usr/java/java-sun/jre/lib/amd64/libjava.so
7fc66abaf000-7fc66adaf000 ---p 00029000 08:0a 2769128                    /usr/java/java-sun/jre/lib/amd64/libjava.so
7fc66adaf000-7fc66adb1000 rw-p 00029000 08:0a 2769128                    /usr/java/java-sun/jre/lib/amd64/libjava.so
7fc66adb1000-7fc66adbe000 r-xp 00000000 08:0a 2769090                    /usr/java/java-sun/jre/lib/amd64/libverify.so
7fc66adbe000-7fc66afbd000 ---p 0000d000 08:0a 2769090                    /usr/java/java-sun/jre/lib/amd64/libverify.so
7fc66afbd000-7fc66afbf000 rw-p 0000c000 08:0a 2769090                    /usr/java/java-sun/jre/lib/amd64/libverify.so
7fc66afbf000-7fc66afc6000 r-xp 00000000 08:0a 3163047                    /lib/x86_64-linux-gnu/librt-2.19.so
7fc66afc6000-7fc66b1c5000 ---p 00007000 08:0a 3163047                    /lib/x86_64-linux-gnu/librt-2.19.so
7fc66b1c5000-7fc66b1c6000 r--p 00006000 08:0a 3163047                    /lib/x86_64-linux-gnu/librt-2.19.so
7fc66b1c6000-7fc66b1c7000 rw-p 00007000 08:0a 3163047                    /lib/x86_64-linux-gnu/librt-2.19.so
7fc66b1c7000-7fc66b2cc000 r-xp 00000000 08:0a 3149808                    /lib/x86_64-linux-gnu/libm-2.19.so
7fc66b2cc000-7fc66b4cb000 ---p 00105000 08:0a 3149808                    /lib/x86_64-linux-gnu/libm-2.19.so
7fc66b4cb000-7fc66b4cc000 r--p 00104000 08:0a 3149808                    /lib/x86_64-linux-gnu/libm-2.19.so
7fc66b4cc000-7fc66b4cd000 rw-p 00105000 08:0a 3149808                    /lib/x86_64-linux-gnu/libm-2.19.so
7fc66b4cd000-7fc66c03f000 r-xp 00000000 08:0a 2769104                    /usr/java/java-sun/jre/lib/amd64/server/libjvm.so
7fc66c03f000-7fc66c23e000 ---p 00b72000 08:0a 2769104                    /usr/java/java-sun/jre/lib/amd64/server/libjvm.so
7fc66c23e000-7fc66c303000 rw-p 00b71000 08:0a 2769104                    /usr/java/java-sun/jre/lib/amd64/server/libjvm.so
7fc66c303000-7fc66c343000 rw-p 00000000 00:00 0 
7fc66c343000-7fc66c4fe000 r-xp 00000000 08:0a 3163045                    /lib/x86_64-linux-gnu/libc-2.19.so
7fc66c4fe000-7fc66c6fe000 ---p 001bb000 08:0a 3163045                    /lib/x86_64-linux-gnu/libc-2.19.so
7fc66c6fe000-7fc66c702000 r--p 001bb000 08:0a 3163045                    /lib/x86_64-linux-gnu/libc-2.19.so
7fc66c702000-7fc66c704000 rw-p 001bf000 08:0a 3163045                    /lib/x86_64-linux-gnu/libc-2.19.so
7fc66c704000-7fc66c709000 rw-p 00000000 00:00 0 
7fc66c709000-7fc66c70c000 r-xp 00000000 08:0a 3163039                    /lib/x86_64-linux-gnu/libdl-2.19.so
7fc66c70c000-7fc66c90b000 ---p 00003000 08:0a 3163039                    /lib/x86_64-linux-gnu/libdl-2.19.so
7fc66c90b000-7fc66c90c000 r--p 00002000 08:0a 3163039                    /lib/x86_64-linux-gnu/libdl-2.19.so
7fc66c90c000-7fc66c90d000 rw-p 00003000 08:0a 3163039                    /lib/x86_64-linux-gnu/libdl-2.19.so
7fc66c90d000-7fc66c923000 r-xp 00000000 08:0a 2767278                    /usr/java/java-sun/lib/amd64/jli/libjli.so
7fc66c923000-7fc66cb23000 ---p 00016000 08:0a 2767278                    /usr/java/java-sun/lib/amd64/jli/libjli.so
7fc66cb23000-7fc66cb24000 rw-p 00016000 08:0a 2767278                    /usr/java/java-sun/lib/amd64/jli/libjli.so
7fc66cb24000-7fc66cb3d000 r-xp 00000000 08:0a 3163034                    /lib/x86_64-linux-gnu/libpthread-2.19.so
7fc66cb3d000-7fc66cd3c000 ---p 00019000 08:0a 3163034                    /lib/x86_64-linux-gnu/libpthread-2.19.so
7fc66cd3c000-7fc66cd3d000 r--p 00018000 08:0a 3163034                    /lib/x86_64-linux-gnu/libpthread-2.19.so
7fc66cd3d000-7fc66cd3e000 rw-p 00019000 08:0a 3163034                    /lib/x86_64-linux-gnu/libpthread-2.19.so
7fc66cd3e000-7fc66cd42000 rw-p 00000000 00:00 0 
7fc66cd42000-7fc66cd65000 r-xp 00000000 08:0a 3163042                    /lib/x86_64-linux-gnu/ld-2.19.so
7fc66cd65000-7fc66cd67000 r--s 0000e000 08:0a 2245002                    /home/kellonge/workspace/flight-crawler/lib/commons-logging-1.1.3.jar
7fc66cd67000-7fc66cd6a000 r--s 00013000 08:0a 2244999                    /home/kellonge/workspace/flight-crawler/lib/commons-io-1.3.2.jar
7fc66cd6a000-7fc66cd98000 rw-p 00000000 00:00 0 
7fc66cd98000-7fc66ce47000 rw-p 00000000 00:00 0 
7fc66ce47000-7fc66ce4a000 ---p 00000000 00:00 0 
7fc66ce4a000-7fc66cf4c000 rw-p 00000000 00:00 0                          [stack:463]
7fc66cf4c000-7fc66cf4d000 r--s 00002000 08:0a 2098666                    /home/kellonge/workspace/flight-crawler/lib/jboss-logging-annotations-1.2.0.Beta1.jar
7fc66cf4d000-7fc66cf53000 r--s 00033000 08:0a 2244997                    /home/kellonge/workspace/flight-crawler/lib/commons-codec-1.6.jar
7fc66cf53000-7fc66cf58000 r--s 00068000 08:0a 2098664                    /home/kellonge/workspace/flight-crawler/lib/antlr-2.7.7.jar
7fc66cf58000-7fc66cf60000 rw-s 00000000 08:0a 2105109                    /tmp/hsperfdata_kellonge/458
7fc66cf60000-7fc66cf61000 rw-p 00000000 00:00 0 
7fc66cf61000-7fc66cf62000 r--p 00000000 00:00 0 
7fc66cf62000-7fc66cf64000 rw-p 00000000 00:00 0 
7fc66cf64000-7fc66cf65000 r--p 00022000 08:0a 3163042                    /lib/x86_64-linux-gnu/ld-2.19.so
7fc66cf65000-7fc66cf66000 rw-p 00023000 08:0a 3163042                    /lib/x86_64-linux-gnu/ld-2.19.so
7fc66cf66000-7fc66cf67000 rw-p 00000000 00:00 0 
7fff43e79000-7fff43e9b000 rw-p 00000000 00:00 0                          [stack]
7fff43ffe000-7fff44000000 r-xp 00000000 00:00 0                          [vdso]
ffffffffff600000-ffffffffff601000 r-xp 00000000 00:00 0                  [vsyscall]

VM Arguments:
jvm_args: -Dfile.encoding=UTF-8 
java_command: kellonge.flightcrawler.main.Start
Launcher Type: SUN_STANDARD

Environment Variables:
JAVA_HOME=/usr/java/java-sun
JRE_HOME=/usr/java/java-sun/jre
CLASSPATH=.:/usr/java/java-sun/lib:/usr/java/java-sun/jre/lib:.:$JAVA_HOME/lib:$JAVA_HOME/jre/lib
PATH=/usr/java/java-sun/bin:/usr/java/java-sun/jre/bin:/usr/local/sbin:/usr/local/bin:/usr/sbin:/usr/bin:/sbin:/bin:/usr/games:/usr/local/games:$JAVA_HOME/bin:/home/kellonge/.rvm/bin
SHELL=/bin/bash
DISPLAY=:0

Signal Handlers:
SIGSEGV: [libjvm.so+0x9a1330], sa_mask[0]=0x7ffbfeff, sa_flags=0x10000004
SIGBUS: [libjvm.so+0x9a1330], sa_mask[0]=0x7ffbfeff, sa_flags=0x10000004
SIGFPE: [libjvm.so+0x81b390], sa_mask[0]=0x7ffbfeff, sa_flags=0x10000004
SIGPIPE: [libjvm.so+0x81b390], sa_mask[0]=0x7ffbfeff, sa_flags=0x10000004
SIGXFSZ: [libjvm.so+0x81b390], sa_mask[0]=0x7ffbfeff, sa_flags=0x10000004
SIGILL: [libjvm.so+0x81b390], sa_mask[0]=0x7ffbfeff, sa_flags=0x10000004
SIGUSR1: SIG_DFL, sa_mask[0]=0x00000000, sa_flags=0x00000000
SIGUSR2: [libjvm.so+0x81cb90], sa_mask[0]=0x00000004, sa_flags=0x10000004
SIGHUP: [libjvm.so+0x81dc90], sa_mask[0]=0x7ffbfeff, sa_flags=0x10000004
SIGINT: [libjvm.so+0x81dc90], sa_mask[0]=0x7ffbfeff, sa_flags=0x10000004
SIGTERM: [libjvm.so+0x81dc90], sa_mask[0]=0x7ffbfeff, sa_flags=0x10000004
SIGQUIT: [libjvm.so+0x81dc90], sa_mask[0]=0x7ffbfeff, sa_flags=0x10000004


---------------  S Y S T E M  ---------------

OS:jessie/sid

uname:Linux 3.13.0-40-generic #69-Ubuntu SMP Thu Nov 13 17:53:56 UTC 2014 x86_64
libc:glibc 2.19 NPTL 2.19 
rlimit: STACK 8192k, CORE 0k, NPROC 44367, NOFILE 4096, AS infinity
load average:8.63 3.32 1.80

/proc/meminfo:
MemTotal:        5700704 kB
MemFree:          118172 kB
Buffers:            4300 kB
Cached:           643504 kB
SwapCached:        74140 kB
Active:          4222592 kB
Inactive:        1101652 kB
Active(anon):    4191440 kB
Inactive(anon):  1064008 kB
Active(file):      31152 kB
Inactive(file):    37644 kB
Unevictable:          16 kB
Mlocked:              16 kB
SwapTotal:       1952764 kB
SwapFree:            976 kB
Dirty:               164 kB
Writeback:             0 kB
AnonPages:       4604876 kB
Mapped:           204028 kB
Shmem:            579068 kB
Slab:              84324 kB
SReclaimable:      39284 kB
SUnreclaim:        45040 kB
KernelStack:        6472 kB
PageTables:        65568 kB
NFS_Unstable:          0 kB
Bounce:                0 kB
WritebackTmp:          0 kB
CommitLimit:     4803116 kB
Committed_AS:   13528992 kB
VmallocTotal:   34359738367 kB
VmallocUsed:      415916 kB
VmallocChunk:   34359262932 kB
HardwareCorrupted:     0 kB
AnonHugePages:   1204224 kB
HugePages_Total:       0
HugePages_Free:        0
HugePages_Rsvd:        0
HugePages_Surp:        0
Hugepagesize:       2048 kB
DirectMap4k:       70008 kB
DirectMap2M:     5806080 kB


CPU:total 2 (2 cores per cpu, 2 threads per core) family 6 model 58 stepping 9, cmov, cx8, fxsr, mmx, sse, sse2, sse3, ssse3, sse4.1, sse4.2, popcnt, avx, aes, erms, ht, tsc, tscinvbit, tscinv

/proc/cpuinfo:
processor	: 0
vendor_id	: GenuineIntel
cpu family	: 6
model		: 58
model name	: Intel(R) Core(TM) i5-3210M CPU @ 2.50GHz
stepping	: 9
microcode	: 0x12
cpu MHz		: 2500.000
cache size	: 3072 KB
physical id	: 0
siblings	: 2
core id		: 0
cpu cores	: 2
apicid		: 0
initial apicid	: 0
fpu		: yes
fpu_exception	: yes
cpuid level	: 13
wp		: yes
flags		: fpu vme de pse tsc msr pae mce cx8 apic sep mtrr pge mca cmov pat pse36 clflush dts acpi mmx fxsr sse sse2 ss ht tm pbe syscall nx rdtscp lm constant_tsc arch_perfmon pebs bts rep_good nopl xtopology nonstop_tsc aperfmperf eagerfpu pni pclmulqdq dtes64 monitor ds_cpl vmx est tm2 ssse3 cx16 xtpr pdcm pcid sse4_1 sse4_2 x2apic popcnt tsc_deadline_timer aes xsave avx f16c rdrand lahf_lm ida arat epb xsaveopt pln pts dtherm tpr_shadow vnmi flexpriority ept vpid fsgsbase smep erms
bogomips	: 4988.42
clflush size	: 64
cache_alignment	: 64
address sizes	: 36 bits physical, 48 bits virtual
power management:

processor	: 1
vendor_id	: GenuineIntel
cpu family	: 6
model		: 58
model name	: Intel(R) Core(TM) i5-3210M CPU @ 2.50GHz
stepping	: 9
microcode	: 0x12
cpu MHz		: 2500.000
cache size	: 3072 KB
physical id	: 0
siblings	: 2
core id		: 1
cpu cores	: 2
apicid		: 2
initial apicid	: 2
fpu		: yes
fpu_exception	: yes
cpuid level	: 13
wp		: yes
flags		: fpu vme de pse tsc msr pae mce cx8 apic sep mtrr pge mca cmov pat pse36 clflush dts acpi mmx fxsr sse sse2 ss ht tm pbe syscall nx rdtscp lm constant_tsc arch_perfmon pebs bts rep_good nopl xtopology nonstop_tsc aperfmperf eagerfpu pni pclmulqdq dtes64 monitor ds_cpl vmx est tm2 ssse3 cx16 xtpr pdcm pcid sse4_1 sse4_2 x2apic popcnt tsc_deadline_timer aes xsave avx f16c rdrand lahf_lm ida arat epb xsaveopt pln pts dtherm tpr_shadow vnmi flexpriority ept vpid fsgsbase smep erms
bogomips	: 4988.42
clflush size	: 64
cache_alignment	: 64
address sizes	: 36 bits physical, 48 bits virtual
power management:



Memory: 4k page, physical 5700704k(118172k free), swap 1952764k(976k free)

vm_info: Java HotSpot(TM) 64-Bit Server VM (24.71-b01) for linux-amd64 JRE (1.7.0_71-b14), built on Sep 26 2014 16:41:40 by "java_re" with gcc 4.3.0 20080428 (Red Hat 4.3.0-8)

time: Mon Jan 26 23:21:00 2015
elapsed time: 355 seconds

